Resolving dependencies
Resolved, downloaded and extracted [64]
Saved lockfile
node:internal/modules/cjs/loader:1383
  const err = new Error(message);
              ^

Error: Cannot find module 'hono'
Require stack:
- /home/user/rork-app/backend/hono.ts
- /home/user/rork-app/server.ts
    at node:internal/modules/cjs/loader:1383:15
    at nextResolveSimple (/tmp/bunx-1000-tsx@latest/node_modules/tsx/dist/register-BOkp8V6j.cjs:10:1017)
    at /tmp/bunx-1000-tsx@latest/node_modules/tsx/dist/register-BOkp8V6j.cjs:9:4388
    at /tmp/bunx-1000-tsx@latest/node_modules/tsx/dist/register-BOkp8V6j.cjs:9:3818
    at resolveTsPaths (/tmp/bunx-1000-tsx@latest/node_modules/tsx/dist/register-BOkp8V6j.cjs:10:770)
    at /tmp/bunx-1000-tsx@latest/node_modules/tsx/dist/register-BOkp8V6j.cjs:10:1155
    at T._resolveFilename (file:///tmp/bunx-1000-tsx@latest/node_modules/tsx/dist/register-CqMfTiWi.mjs:2:14889)
    at defaultResolveImpl (node:internal/modules/cjs/loader:1025:19)
    at resolveForCJSWithHooks (node:internal/modules/cjs/loader:1030:22)
    at Function._load (node:internal/modules/cjs/loader:1192:37) {
  code: 'MODULE_NOT_FOUND',
  requireStack: [
    '/home/user/rork-app/backend/hono.ts',
    '/home/user/rork-app/server.ts'
  ]
}

Node.js v22.22.0
