$ expo lint
env: load .env
env: export JWT_SECRET EXPO_PUBLIC_GOOGLE_ADS_API_KEY EXPO_PUBLIC_SUPABASE_URL SUPABASE_DB_PASSWORD EXPO_PUBLIC_SUPABASE_ANON_KEY S3_BUCKET_NAME CLOUDFRONT_DISTRIBUTION_ID EXPO_PUBLIC_RORK_TOOLKIT_SECRET_KEY GITHUB_TOKEN GITHUB_REPO_URL SUPABASE_DB_URL DATABASE_URL POSTGRES_URL RENDER_API_KEY RENDER_SERVICE_ID SUPABASE_SERVICE_ROLE_KEY IVX_OWNER_REGISTRATION_EMAILS EXPO_PUBLIC_OWNER_EMAIL SUPABASE_MANAGEMENT_API_TOKEN AWS_ACCESS_KEY_ID AWS_SECRET_ACCESS_KEY AWS_REGION OWNER_REPAIR_EMAIL OWNER_NEW_PASSWORD AI_GATEWAY_API_KEY EXPO_PUBLIC_RORK_AUTH_URL EXPO_PUBLIC_RORK_API_BASE_URL EXPO_PUBLIC_RORK_FUNCTIONS_URL EXPO_PUBLIC_TOOLKIT_URL EXPO_PUBLIC_PROJECT_ID EXPO_PUBLIC_TEAM_ID

/home/user/rork-app/expo/app/(tabs)/(home)/index.tsx
   45:10  warning  'isAdminRole' is defined but never used               @typescript-eslint/no-unused-vars
  463:7   warning  '_JVPropertyCard' is assigned a value but never used  @typescript-eslint/no-unused-vars

/home/user/rork-app/expo/app/(tabs)/invest/debt-acquisition.tsx
  56:1  warning  Import in body of module; reorder to top  import/first

/home/user/rork-app/expo/app/(tabs)/invest/index.tsx
   48:1  warning  Import in body of module; reorder to top    import/first
   49:1  warning  Import in body of module; reorder to top    import/first
   50:1  warning  Import in body of module; reorder to top    import/first
   51:1  warning  Import in body of module; reorder to top    import/first
   52:1  warning  Import in body of module; reorder to top    import/first
   53:1  warning  Import in body of module; reorder to top    import/first
   54:1  warning  Import in body of module; reorder to top    import/first
   55:1  warning  Import in body of module; reorder to top    import/first
   56:1  warning  Import in body of module; reorder to top    import/first
  151:9  warning  '_isXs' is assigned a value but never used  @typescript-eslint/no-unused-vars

/home/user/rork-app/expo/app/(tabs)/invest/submit-property.tsx
  53:1  warning  Import in body of module; reorder to top  import/first
  54:1  warning  Import in body of module; reorder to top  import/first
  55:1  warning  Import in body of module; reorder to top  import/first
  56:1  warning  Import in body of module; reorder to top  import/first

/home/user/rork-app/expo/app/(tabs)/market.tsx
   60:35  warning  '_crypto' is assigned a value but never used       @typescript-eslint/no-unused-vars
  523:37  warning  '_trackAction' is assigned a value but never used  @typescript-eslint/no-unused-vars

/home/user/rork-app/expo/app/(tabs)/portfolio.tsx
   21:44  warning  '/home/user/rork-app/expo/lib/formatters.ts' imported multiple times  import/no-duplicates
   29:30  warning  '/home/user/rork-app/expo/lib/formatters.ts' imported multiple times  import/no-duplicates
  345:24  warning  '_trackScreen' is assigned a value but never used                     @typescript-eslint/no-unused-vars

/home/user/rork-app/expo/app/_layout.tsx
  15:8  warning  Using exported name 'AuthGate' as identifier for default import  import/no-named-as-default

/home/user/rork-app/expo/app/admin/ai-outreach.tsx
    1:57  warning  'useEffect' is defined but never used             @typescript-eslint/no-unused-vars
   10:3   warning  'Platform' is defined but never used              @typescript-eslint/no-unused-vars
   28:3   warning  'Users' is defined but never used                 @typescript-eslint/no-unused-vars
   32:3   warning  'Star' is defined but never used                  @typescript-eslint/no-unused-vars
   33:3   warning  'CircleDot' is defined but never used             @typescript-eslint/no-unused-vars
   37:3   warning  'Copy' is defined but never used                  @typescript-eslint/no-unused-vars
   41:10  warning  'Lender' is defined but never used                @typescript-eslint/no-unused-vars
   41:18  warning  'LenderOutreach' is defined but never used        @typescript-eslint/no-unused-vars
   43:10  warning  'discoveredLenders' is defined but never used     @typescript-eslint/no-unused-vars
  153:10  warning  'sentSuccess' is assigned a value but never used  @typescript-eslint/no-unused-vars

/home/user/rork-app/expo/app/admin/ai-video.tsx
  49:3   warning  'ArrowDownToLine' is defined but never used        @typescript-eslint/no-unused-vars
  60:16  warning  'SCREEN_WIDTH' is assigned a value but never used  @typescript-eslint/no-unused-vars

/home/user/rork-app/expo/app/admin/control-tower.tsx
   14:3   warning  'Activity' is defined but never used                                                                                                                    @typescript-eslint/no-unused-vars
   20:3   warning  'CheckCircle2' is defined but never used                                                                                                                @typescript-eslint/no-unused-vars
   25:3   warning  'Layers3' is defined but never used                                                                                                                     @typescript-eslint/no-unused-vars
   26:3   warning  'Network' is defined but never used                                                                                                                     @typescript-eslint/no-unused-vars
   30:3   warning  'Sparkles' is defined but never used                                                                                                                    @typescript-eslint/no-unused-vars
   50:8   warning  'ModuleRecord' is defined but never used                                                                                                                @typescript-eslint/no-unused-vars
   91:13  warning  Array type using 'Array<T>' is forbidden. Use 'T[]' instead                                                                                             @typescript-eslint/array-type
  662:95  warning  React Hook useMemo has unnecessary dependencies: 'liveSnapshot.totalLiveUsers' and 'snapshot.asOf'. Either exclude them or remove the dependency array  react-hooks/exhaustive-deps

/home/user/rork-app/expo/app/admin/dashboard.tsx
  70:13  warning  Array type using 'Array<T>' is forbidden. Use 'T[]' instead  @typescript-eslint/array-type

/home/user/rork-app/expo/app/admin/email-engine.tsx
   26:3  warning  'Check' is defined but never used              @typescript-eslint/no-unused-vars
   28:3  warning  'ChevronDown' is defined but never used        @typescript-eslint/no-unused-vars
   29:3  warning  'ChevronUp' is defined but never used          @typescript-eslint/no-unused-vars
   32:3  warning  'Clock' is defined but never used              @typescript-eslint/no-unused-vars
   39:3  warning  'Settings' is defined but never used           @typescript-eslint/no-unused-vars
   42:3  warning  'RefreshCw' is defined but never used          @typescript-eslint/no-unused-vars
   51:3  warning  'Layers' is defined but never used             @typescript-eslint/no-unused-vars
   54:3  warning  'CircleDot' is defined but never used          @typescript-eslint/no-unused-vars
   76:8  warning  'EmailLogType' is defined but never used       @typescript-eslint/no-unused-vars
  191:9  warning  'logStats' is assigned a value but never used  @typescript-eslint/no-unused-vars

/home/user/rork-app/expo/app/admin/email-inbox.tsx
  78:66  warning  Array type using 'Array<T>' is forbidden. Use 'T[]' instead  @typescript-eslint/array-type

/home/user/rork-app/expo/app/admin/investor-profits.tsx
  374:6  warning  React Hook useCallback has missing dependencies: 'COMPANY_INFO.address', 'COMPANY_INFO.city', 'COMPANY_INFO.email', 'COMPANY_INFO.name', 'COMPANY_INFO.phone', and 'COMPANY_INFO.website'. Either include them or remove the dependency array                       react-hooks/exhaustive-deps
  582:6  warning  React Hook useCallback has missing dependencies: 'COMPANY_INFO.address', 'COMPANY_INFO.city', 'COMPANY_INFO.email', 'COMPANY_INFO.logo', 'COMPANY_INFO.name', 'COMPANY_INFO.phone', and 'COMPANY_INFO.website'. Either include them or remove the dependency array  react-hooks/exhaustive-deps

/home/user/rork-app/expo/app/admin/ivx-agent-jobs.tsx
  28:23  warning  Array type using 'Array<T>' is forbidden. Use 'T[]' instead  @typescript-eslint/array-type

/home/user/rork-app/expo/app/admin/ivx-developer-actions.tsx
  34:3  warning  'XCircle' is defined but never used  @typescript-eslint/no-unused-vars

/home/user/rork-app/expo/app/admin/ivx-developer-workspace.tsx
  25:3  warning  'Code2' is defined but never used  @typescript-eslint/no-unused-vars

/home/user/rork-app/expo/app/admin/jv-deals.tsx
    1:57  warning  'useEffect' is defined but never used                                                  @typescript-eslint/no-unused-vars
   17:8   warning  '/home/user/rork-app/expo/node_modules/react-native/index.js' imported multiple times  import/no-duplicates
   51:23  warning  '/home/user/rork-app/expo/node_modules/react-native/index.js' imported multiple times  import/no-duplicates
   95:16  warning  Array type using 'Array<T>' is forbidden. Use 'T[]' instead                            @typescript-eslint/array-type
  194:10  warning  'toPositiveNumberOrUndefined' is defined but never used                                @typescript-eslint/no-unused-vars
  251:64  warning  Array type using 'Array<T>' is forbidden. Use 'T[]' instead                            @typescript-eslint/array-type
  582:32  warning  Array type using 'Array<T>' is forbidden. Use 'T[]' instead                            @typescript-eslint/array-type

/home/user/rork-app/expo/app/admin/landing-analytics.tsx
   78:15   warning  Array type using 'Array<T>' is forbidden. Use 'T[]' instead  @typescript-eslint/array-type
   79:15   warning  Array type using 'Array<T>' is forbidden. Use 'T[]' instead  @typescript-eslint/array-type
   85:12   warning  Array type using 'Array<T>' is forbidden. Use 'T[]' instead  @typescript-eslint/array-type
   86:15   warning  Array type using 'Array<T>' is forbidden. Use 'T[]' instead  @typescript-eslint/array-type
   87:15   warning  Array type using 'Array<T>' is forbidden. Use 'T[]' instead  @typescript-eslint/array-type
   88:15   warning  Array type using 'Array<T>' is forbidden. Use 'T[]' instead  @typescript-eslint/array-type
   89:19   warning  Array type using 'Array<T>' is forbidden. Use 'T[]' instead  @typescript-eslint/array-type
   91:16   warning  Array type using 'Array<T>' is forbidden. Use 'T[]' instead  @typescript-eslint/array-type
   92:13   warning  Array type using 'Array<T>' is forbidden. Use 'T[]' instead  @typescript-eslint/array-type
   93:15   warning  Array type using 'Array<T>' is forbidden. Use 'T[]' instead  @typescript-eslint/array-type
   94:17   warning  Array type using 'Array<T>' is forbidden. Use 'T[]' instead  @typescript-eslint/array-type
  101:19   warning  Array type using 'Array<T>' is forbidden. Use 'T[]' instead  @typescript-eslint/array-type
  102:24   warning  Array type using 'Array<T>' is forbidden. Use 'T[]' instead  @typescript-eslint/array-type
  103:22   warning  Array type using 'Array<T>' is forbidden. Use 'T[]' instead  @typescript-eslint/array-type
  111:15   warning  Array type using 'Array<T>' is forbidden. Use 'T[]' instead  @typescript-eslint/array-type
  112:29   warning  Array type using 'Array<T>' is forbidden. Use 'T[]' instead  @typescript-eslint/array-type
  112:82   warning  Array type using 'Array<T>' is forbidden. Use 'T[]' instead  @typescript-eslint/array-type
  112:132  warning  Array type using 'Array<T>' is forbidden. Use 'T[]' instead  @typescript-eslint/array-type
  123:17   warning  Array type using 'Array<T>' is forbidden. Use 'T[]' instead  @typescript-eslint/array-type
  125:16   warning  Array type using 'Array<T>' is forbidden. Use 'T[]' instead  @typescript-eslint/array-type
  126:18   warning  Array type using 'Array<T>' is forbidden. Use 'T[]' instead  @typescript-eslint/array-type

/home/user/rork-app/expo/app/admin/lead-intelligence.tsx
  162:160  warning  Array type using 'Array<T>' is forbidden. Use 'T[]' instead  @typescript-eslint/array-type

/home/user/rork-app/expo/app/admin/lender-directory.tsx
  11:3   warning  'Platform' is defined but never used               @typescript-eslint/no-unused-vars
  25:3   warning  'MapPin' is defined but never used                 @typescript-eslint/no-unused-vars
  37:18  warning  'LenderType' is defined but never used             @typescript-eslint/no-unused-vars
  41:16  warning  'SCREEN_WIDTH' is assigned a value but never used  @typescript-eslint/no-unused-vars

/home/user/rork-app/expo/app/admin/lender-search.tsx
  10:3  warning  'Platform' is defined but never used  @typescript-eslint/no-unused-vars
  21:3  warning  'Star' is defined but never used      @typescript-eslint/no-unused-vars

/home/user/rork-app/expo/app/admin/marketing.tsx
  176:10  warning  'isPlayingVideo' is assigned a value but never used                                                                     @typescript-eslint/no-unused-vars
  182:10  warning  'showMediaShareModal' is assigned a value but never used                                                                @typescript-eslint/no-unused-vars
  800:6   warning  React Hook useCallback has an unnecessary dependency: 'mediaCaption'. Either exclude it or remove the dependency array  react-hooks/exhaustive-deps
  802:9   warning  'openMediaShareModal' is assigned a value but never used                                                                @typescript-eslint/no-unused-vars

/home/user/rork-app/expo/app/admin/owner-controls.tsx
   60:3   warning  'ExternalLink' is defined but never used                     @typescript-eslint/no-unused-vars
  492:50  warning  Array type using 'Array<T>' is forbidden. Use 'T[]' instead  @typescript-eslint/array-type
  500:17  warning  Array type using 'Array<T>' is forbidden. Use 'T[]' instead  @typescript-eslint/array-type
  501:19  warning  Array type using 'Array<T>' is forbidden. Use 'T[]' instead  @typescript-eslint/array-type
  638:22  warning  Array type using 'Array<T>' is forbidden. Use 'T[]' instead  @typescript-eslint/array-type

/home/user/rork-app/expo/app/admin/quality-control.tsx
   29:3  warning  'RefreshCw' is defined but never used             @typescript-eslint/no-unused-vars
   46:3  warning  'MODULE_LABELS' is defined but never used         @typescript-eslint/no-unused-vars
   52:3  warning  'executeHealAction' is defined but never used     @typescript-eslint/no-unused-vars
  240:9  warning  'queryClient' is assigned a value but never used  @typescript-eslint/no-unused-vars

/home/user/rork-app/expo/app/admin/retargeting.tsx
  362:15  warning  Array type using 'Array<T>' is forbidden. Use 'T[]' instead  @typescript-eslint/array-type

/home/user/rork-app/expo/app/admin/sync-diagnostics.tsx
  40:33  warning  '/home/user/rork-app/expo/lib/landing-deploy.ts' imported multiple times  import/no-duplicates
  51:43  warning  '/home/user/rork-app/expo/lib/landing-deploy.ts' imported multiple times  import/no-duplicates

/home/user/rork-app/expo/app/admin/system-map.tsx
  727:11  warning  '_layerBaseY' is assigned a value but never used  @typescript-eslint/no-unused-vars

/home/user/rork-app/expo/app/admin/system-monitor.tsx
  56:16  warning  '_SCREEN_WIDTH' is assigned a value but never used  @typescript-eslint/no-unused-vars

/home/user/rork-app/expo/app/admin/team.tsx
  61:9  warning  '_queryClient' is assigned a value but never used  @typescript-eslint/no-unused-vars

/home/user/rork-app/expo/app/admin/viral-growth.tsx
   9:3  warning  'TextInput' is defined but never used  @typescript-eslint/no-unused-vars
  12:3  warning  'Platform' is defined but never used   @typescript-eslint/no-unused-vars
  25:3  warning  'Trash2' is defined but never used     @typescript-eslint/no-unused-vars
  28:3  warning  'Gift' is defined but never used       @typescript-eslint/no-unused-vars
  29:3  warning  'Clock' is defined but never used      @typescript-eslint/no-unused-vars
  42:3  warning  'Award' is defined but never used      @typescript-eslint/no-unused-vars

/home/user/rork-app/expo/app/admin/visitor-intelligence.tsx
  185:47  warning  Array type using 'Array<T>' is forbidden. Use 'T[]' instead  @typescript-eslint/array-type

/home/user/rork-app/expo/app/ai-automation-report.tsx
   12:3   warning  'TextInput' is defined but never used                                                                                                          @typescript-eslint/no-unused-vars
   21:3   warning  'Zap' is defined but never used                                                                                                                @typescript-eslint/no-unused-vars
   38:3   warning  'Target' is defined but never used                                                                                                             @typescript-eslint/no-unused-vars
  359:10  warning  'customPhone' is assigned a value but never used                                                                                               @typescript-eslint/no-unused-vars
  359:23  warning  'setCustomPhone' is assigned a value but never used                                                                                            @typescript-eslint/no-unused-vars
  360:10  warning  'editingPhone' is assigned a value but never used                                                                                              @typescript-eslint/no-unused-vars
  360:24  warning  'setEditingPhone' is assigned a value but never used                                                                                           @typescript-eslint/no-unused-vars
  384:6   warning  React Hook useEffect has missing dependencies: 'cardAnims', 'headerAnim', and 'pulseAnim'. Either include them or remove the dependency array  react-hooks/exhaustive-deps

/home/user/rork-app/expo/app/ai-gallery.tsx
   16:8   warning  '/home/user/rork-app/expo/node_modules/react-native/index.js' imported multiple times                                                         import/no-duplicates
   51:3   warning  'Share2' is defined but never used                                                                                                            @typescript-eslint/no-unused-vars
   56:22  warning  '_FSPlatform' is defined but never used                                                                                                       @typescript-eslint/no-unused-vars
   56:41  warning  '/home/user/rork-app/expo/node_modules/react-native/index.js' imported multiple times                                                         import/no-duplicates
   58:7   warning  '_getFileSystemLegacy' is assigned a value but never used                                                                                     @typescript-eslint/no-unused-vars
   64:1   warning  Import in body of module; reorder to top                                                                                                      import/first
   65:1   warning  Import in body of module; reorder to top                                                                                                      import/first
  400:6   warning  React Hook useEffect has missing dependencies: 'fadeAnim', 'headerAnim', and 'pulseAnim'. Either include them or remove the dependency array  react-hooks/exhaustive-deps

/home/user/rork-app/expo/app/analytics-report.tsx
   57:15  warning  Array type using 'Array<T>' is forbidden. Use 'T[]' instead  @typescript-eslint/array-type
   58:15  warning  Array type using 'Array<T>' is forbidden. Use 'T[]' instead  @typescript-eslint/array-type
   77:12  warning  Array type using 'Array<T>' is forbidden. Use 'T[]' instead  @typescript-eslint/array-type
   78:15  warning  Array type using 'Array<T>' is forbidden. Use 'T[]' instead  @typescript-eslint/array-type
   79:15  warning  Array type using 'Array<T>' is forbidden. Use 'T[]' instead  @typescript-eslint/array-type
   80:15  warning  Array type using 'Array<T>' is forbidden. Use 'T[]' instead  @typescript-eslint/array-type
   81:19  warning  Array type using 'Array<T>' is forbidden. Use 'T[]' instead  @typescript-eslint/array-type
   83:16  warning  Array type using 'Array<T>' is forbidden. Use 'T[]' instead  @typescript-eslint/array-type
   84:13  warning  Array type using 'Array<T>' is forbidden. Use 'T[]' instead  @typescript-eslint/array-type
   85:15  warning  Array type using 'Array<T>' is forbidden. Use 'T[]' instead  @typescript-eslint/array-type
   86:17  warning  Array type using 'Array<T>' is forbidden. Use 'T[]' instead  @typescript-eslint/array-type
   93:19  warning  Array type using 'Array<T>' is forbidden. Use 'T[]' instead  @typescript-eslint/array-type
   94:24  warning  Array type using 'Array<T>' is forbidden. Use 'T[]' instead  @typescript-eslint/array-type
   95:22  warning  Array type using 'Array<T>' is forbidden. Use 'T[]' instead  @typescript-eslint/array-type
  116:15  warning  Array type using 'Array<T>' is forbidden. Use 'T[]' instead  @typescript-eslint/array-type
  131:18  warning  Array type using 'Array<T>' is forbidden. Use 'T[]' instead  @typescript-eslint/array-type
  132:17  warning  Array type using 'Array<T>' is forbidden. Use 'T[]' instead  @typescript-eslint/array-type
  133:15  warning  Array type using 'Array<T>' is forbidden. Use 'T[]' instead  @typescript-eslint/array-type

/home/user/rork-app/expo/app/api/ivx/owner-ai+api.ts
  255:16  warning  'verifyAuth' is defined but never used                       @typescript-eslint/no-unused-vars
  259:16  warning  'resolveApiTables' is defined but never used                 @typescript-eslint/no-unused-vars
  319:10  warning  'buildRoomStatus' is defined but never used                  @typescript-eslint/no-unused-vars
  370:25  warning  Array type using 'Array<T>' is forbidden. Use 'T[]' instead  @typescript-eslint/array-type
  427:16  warning  'ensureConversation' is defined but never used               @typescript-eslint/no-unused-vars
  502:16  warning  'loadRecentMessages' is defined but never used               @typescript-eslint/no-unused-vars
  533:16  warning  'insertMessage' is defined but never used                    @typescript-eslint/no-unused-vars
  600:16  warning  'updateConversationSummary' is defined but never used        @typescript-eslint/no-unused-vars
  617:16  warning  'ensureInboxState' is defined but never used                 @typescript-eslint/no-unused-vars
  637:16  warning  'findExistingAIRequest' is defined but never used            @typescript-eslint/no-unused-vars
  668:16  warning  'logAIRequest' is defined but never used                     @typescript-eslint/no-unused-vars
  700:10  warning  'buildPrompt' is defined but never used                      @typescript-eslint/no-unused-vars

/home/user/rork-app/expo/app/app-demo.tsx
  244:9  warning  'timerRef' is assigned a value but never used                                                                                                                  @typescript-eslint/no-unused-vars
  342:6  warning  React Hook useEffect has missing dependencies: 'animateSlideIn', 'startProgressTimer', and 'stopProgress'. Either include them or remove the dependency array  react-hooks/exhaustive-deps

/home/user/rork-app/expo/app/authenticator.tsx
  24:17  warning  A `require()` style import is forbidden   @typescript-eslint/no-require-imports
  31:1   warning  Import in body of module; reorder to top  import/first
  43:1   warning  Import in body of module; reorder to top  import/first
  44:1   warning  Import in body of module; reorder to top  import/first
  45:1   warning  Import in body of module; reorder to top  import/first

/home/user/rork-app/expo/app/auto-reinvest.tsx
  2:8  warning  Using exported name 'logger' as identifier for default import  import/no-named-as-default

/home/user/rork-app/expo/app/backend-audit.tsx
  13:27  warning  '/home/user/rork-app/expo/node_modules/expo-router/build/index.js' imported multiple times  import/no-duplicates
  14:23  warning  '/home/user/rork-app/expo/node_modules/expo-router/build/index.js' imported multiple times  import/no-duplicates

/home/user/rork-app/expo/app/buy-shares.tsx
  45:34  warning  '/home/user/rork-app/expo/lib/data-hooks.ts' imported multiple times  import/no-duplicates
  46:29  warning  '/home/user/rork-app/expo/lib/data-hooks.ts' imported multiple times  import/no-duplicates

/home/user/rork-app/expo/app/company-info.tsx
   3:8  warning  Using exported name 'logger' as identifier for default import                                                import/no-named-as-default
  74:6  warning  React Hook useEffect has a missing dependency: 'fadeAnim'. Either include it or remove the dependency array  react-hooks/exhaustive-deps

/home/user/rork-app/expo/app/compare-investments.tsx
  11:27  warning  '/home/user/rork-app/expo/node_modules/expo-router/build/index.js' imported multiple times  import/no-duplicates
  12:23  warning  '/home/user/rork-app/expo/node_modules/expo-router/build/index.js' imported multiple times  import/no-duplicates

/home/user/rork-app/expo/app/contract-generator.tsx
   54:3   warning  'Zap' is defined but never used                                                                                                                                                                    @typescript-eslint/no-unused-vars
   75:11  warning  'FormSection' is defined but never used                                                                                                                                                            @typescript-eslint/no-unused-vars
  165:9   warning  The 'scanLabels' conditional could make the dependencies of useCallback Hook (at line 534) change on every render. To fix this, wrap the initialization of 'scanLabels' in its own useMemo() Hook  react-hooks/exhaustive-deps
  199:9   warning  The 'labels' conditional could make the dependencies of useCallback Hook (at line 617) change on every render. To fix this, wrap the initialization of 'labels' in its own useMemo() Hook          react-hooks/exhaustive-deps
  199:9   warning  The 'labels' conditional could make the dependencies of useCallback Hook (at line 690) change on every render. To fix this, wrap the initialization of 'labels' in its own useMemo() Hook          react-hooks/exhaustive-deps
  199:9   warning  The 'labels' conditional could make the dependencies of useCallback Hook (at line 730) change on every render. To fix this, wrap the initialization of 'labels' in its own useMemo() Hook          react-hooks/exhaustive-deps

/home/user/rork-app/expo/app/email.tsx
  208:18  warning  '_sourceStats' is assigned a value but never used  @typescript-eslint/no-unused-vars

/home/user/rork-app/expo/app/gift-shares.tsx
  2:8  warning  Using exported name 'logger' as identifier for default import  import/no-named-as-default

/home/user/rork-app/expo/app/global-intelligence.tsx
  166:9  warning  '_dimensions' is assigned a value but never used  @typescript-eslint/no-unused-vars

/home/user/rork-app/expo/app/investor-pitch.tsx
  379:6  warning  React Hook useEffect has missing dependencies: 'animateSlide', 'startProgress', and 'stopProgress'. Either include them or remove the dependency array  react-hooks/exhaustive-deps
  383:6  warning  React Hook useEffect has missing dependencies: 'stopAll' and 'stopProgress'. Either include them or remove the dependency array                         react-hooks/exhaustive-deps
  857:6  warning  React Hook useCallback has a missing dependency: 'renderAccentLine'. Either include it or remove the dependency array                                   react-hooks/exhaustive-deps

/home/user/rork-app/expo/app/investor-prospectus.tsx
  81:1  warning  Import in body of module; reorder to top  import/first

/home/user/rork-app/expo/app/ivx/chat.tsx
   709:10  warning  'getAttachmentLabel' is defined but never used                                                                                                                                                                          @typescript-eslint/no-unused-vars
   722:73  warning  Array type using 'Array<T>' is forbidden. Use 'T[]' instead                                                                                                                                                             @typescript-eslint/array-type
   953:9   warning  The 'messages' logical expression could make the dependencies of useMemo Hook (at line 1110) change on every render. To fix this, wrap the initialization of 'messages' in its own useMemo() Hook                       react-hooks/exhaustive-deps
  1386:25  warning  'setReplyFailures' is assigned a value but never used                                                                                                                                                                   @typescript-eslint/no-unused-vars
  1387:32  warning  'setFallbackSuccessCount' is assigned a value but never used                                                                                                                                                            @typescript-eslint/no-unused-vars
  1971:6   warning  React Hook useCallback has a missing dependency: 'conversationQuery.data?.id'. Either include it or remove the dependency array                                                                                         react-hooks/exhaustive-deps
  2262:6   warning  React Hook useEffect has a missing dependency: 'conversationQuery.data?.id'. Either include it or remove the dependency array                                                                                           react-hooks/exhaustive-deps
  2302:6   warning  React Hook useMemo has an unnecessary dependency: 'devTestMode.testModeActive'. Either exclude it or remove the dependency array                                                                                        react-hooks/exhaustive-deps
  2601:9   warning  'handleOpenAttachment' is assigned a value but never used                                                                                                                                                               @typescript-eslint/no-unused-vars
  2977:6   warning  React Hook useMemo has unnecessary dependencies: 'aiReplyPending', 'allMessages.length', 'attachmentMutation.isPending', 'isPickingFile', and 'messageSendPending'. Either exclude them or remove the dependency array  react-hooks/exhaustive-deps
  2980:6   warning  React Hook useMemo has unnecessary dependencies: 'allMessages.length', 'realtimeEventsObserved', and 'realtimeSubscriptionState'. Either exclude them or remove the dependency array                                    react-hooks/exhaustive-deps
  2983:6   warning  React Hook useMemo has unnecessary dependencies: 'allMessages.length', 'realtimeEventsObserved', and 'realtimeSubscriptionState'. Either exclude them or remove the dependency array                                    react-hooks/exhaustive-deps
  3294:6   warning  React Hook useMemo has unnecessary dependencies: 'backendAuditSummary.activeFallbackBaseUrl' and 'backendAuditSummary.fallbackUsed'. Either exclude them or remove the dependency array                                 react-hooks/exhaustive-deps
  3401:9   warning  'qaOverallPassed' is assigned a value but never used                                                                                                                                                                    @typescript-eslint/no-unused-vars
  3675:9   warning  'runtimeStatusCopy' is assigned a value but never used                                                                                                                                                                  @typescript-eslint/no-unused-vars
  3683:43  warning  Array type using 'Array<T>' is forbidden. Use 'T[]' instead                                                                                                                                                             @typescript-eslint/array-type
  3698:39  warning  Array type using 'Array<T>' is forbidden. Use 'T[]' instead                                                                                                                                                             @typescript-eslint/array-type
  3750:6   warning  React Hook useMemo has an unnecessary dependency: 'runtimeDebugSnapshot.hasVisibleResponseText'. Either exclude it or remove the dependency array                                                                       react-hooks/exhaustive-deps

/home/user/rork-app/expo/app/ivx/cto-dashboard.tsx
  165:21  warning  'T' is defined but never used                                                                                                                                                               @typescript-eslint/no-unused-vars
  565:9   warning  The 'audit' logical expression could make the dependencies of useMemo Hook (at line 571) change on every render. To fix this, wrap the initialization of 'audit' in its own useMemo() Hook  react-hooks/exhaustive-deps

/home/user/rork-app/expo/app/ivx/inbox.tsx
   17:10  warning  'IVX_OWNER_AI_PROFILE' is defined but never used                                                                                                                                                      @typescript-eslint/no-unused-vars
  123:9   warning  The 'inboxItems' logical expression could make the dependencies of useMemo Hook (at line 125) change on every render. To fix this, wrap the initialization of 'inboxItems' in its own useMemo() Hook  react-hooks/exhaustive-deps
  123:9   warning  The 'inboxItems' logical expression could make the dependencies of useMemo Hook (at line 138) change on every render. To fix this, wrap the initialization of 'inboxItems' in its own useMemo() Hook  react-hooks/exhaustive-deps

/home/user/rork-app/expo/app/jv-agreement.tsx
    20:8   warning  '/home/user/rork-app/expo/node_modules/react-native/index.js' imported multiple times                                import/no-duplicates
    21:22  warning  '_FSPlatform' is defined but never used                                                                              @typescript-eslint/no-unused-vars
    21:41  warning  '/home/user/rork-app/expo/node_modules/react-native/index.js' imported multiple times                                import/no-duplicates
    54:8   warning  '/home/user/rork-app/expo/node_modules/lucide-react-native/dist/esm/lucide-react-native.js' imported multiple times  import/no-duplicates
    57:23  warning  '/home/user/rork-app/expo/node_modules/lucide-react-native/dist/esm/lucide-react-native.js' imported multiple times  import/no-duplicates
    96:1   warning  Import in body of module; reorder to top                                                                             import/first
   810:9   warning  '_uploadAllPhotos' is assigned a value but never used                                                                @typescript-eslint/no-unused-vars
  1166:9   warning  '_handleSaveDraft' is assigned a value but never used                                                                @typescript-eslint/no-unused-vars
  1465:46  warning  A `require()` style import is forbidden                                                                              @typescript-eslint/no-require-imports

/home/user/rork-app/expo/app/jv-invest.tsx
  101:13  warning  Array type using 'Array<T>' is forbidden. Use 'T[]' instead  @typescript-eslint/array-type
  197:56  warning  Array type using 'Array<T>' is forbidden. Use 'T[]' instead  @typescript-eslint/array-type

/home/user/rork-app/expo/app/kyc-verification.tsx
  2:8  warning  Using exported name 'logger' as identifier for default import  import/no-named-as-default

/home/user/rork-app/expo/app/landing.tsx
  1698:7  warning  '_formStyles' is assigned a value but never used  @typescript-eslint/no-unused-vars

/home/user/rork-app/expo/app/language.tsx
  56:11  warning  'width' is assigned a value but never used  @typescript-eslint/no-unused-vars

/home/user/rork-app/expo/app/legal.tsx
  1207:27  warning  A `require()` style import is forbidden  @typescript-eslint/no-require-imports

/home/user/rork-app/expo/app/login.tsx
    25:10  warning  'getPasswordResetRedirectUrl' is defined but never used                                                                                            @typescript-eslint/no-unused-vars
   424:9   warning  'navTelemetryWiredRef' is assigned a value but never used                                                                                          @typescript-eslint/no-unused-vars
   667:6   warning  React Hook useCallback has an unnecessary dependency: 'effectiveOwnerMode'. Either exclude it or remove the dependency array                       react-hooks/exhaustive-deps
  1112:6   warning  React Hook useCallback has a missing dependency: 'pushTelemetry'. Either include it or remove the dependency array                                 react-hooks/exhaustive-deps
  1336:6   warning  React Hook useMemo has unnecessary dependencies: 'failedLoginMessage' and 'lastFailureReason'. Either exclude them or remove the dependency array  react-hooks/exhaustive-deps

/home/user/rork-app/expo/app/owner-access.tsx
  449:6  warning  React Hook useCallback has a missing dependency: 'carriedEmail'. Either include it or remove the dependency array  react-hooks/exhaustive-deps

/home/user/rork-app/expo/app/personal-info.tsx
  2:8  warning  Using exported name 'logger' as identifier for default import  import/no-named-as-default

/home/user/rork-app/expo/app/property-documents.tsx
  29:3   warning  'ArrowLeft' is defined but never used                    @typescript-eslint/no-unused-vars
  32:3   warning  'RefreshCw' is defined but never used                    @typescript-eslint/no-unused-vars
  37:3   warning  'propertyDocumentSubmissions' is defined but never used  @typescript-eslint/no-unused-vars
  56:9   warning  'router' is assigned a value but never used              @typescript-eslint/no-unused-vars
  61:22  warning  'setSubmission' is assigned a value but never used       @typescript-eslint/no-unused-vars

/home/user/rork-app/expo/app/property/[id].tsx
  49:8   warning  '/home/user/rork-app/expo/node_modules/lucide-react-native/dist/esm/lucide-react-native.js' imported multiple times  import/no-duplicates
  59:24  warning  '/home/user/rork-app/expo/node_modules/lucide-react-native/dist/esm/lucide-react-native.js' imported multiple times  import/no-duplicates

/home/user/rork-app/expo/app/referrals.tsx
  2:8  warning  Using exported name 'logger' as identifier for default import  import/no-named-as-default

/home/user/rork-app/expo/app/sell-shares.tsx
  49:34  warning  '_holdingId' is assigned a value but never used  @typescript-eslint/no-unused-vars

/home/user/rork-app/expo/app/share-content.tsx
    2:8  warning  Using exported name 'logger' as identifier for default import                                                                                                                                     import/no-named-as-default
  178:6  warning  React Hook useEffect has missing dependencies: 'fadeAnim', 'pulseAnim', and 'slideAnim'. Either include them or remove the dependency array                                                       react-hooks/exhaustive-deps
  273:6  warning  React Hook useCallback has a missing dependency: 'triggerSuccess'. Either include it or remove the dependency array                                                                               react-hooks/exhaustive-deps
  305:6  warning  React Hook useEffect has missing dependencies: 'buildMessage', 'openWhatsApp', 'queueContent', 'selectedMemberObjects', and 'triggerSuccess'. Either include them or remove the dependency array  react-hooks/exhaustive-deps

/home/user/rork-app/expo/app/signup.tsx
    3:8  warning  Using exported name 'logger' as identifier for default import                                                        import/no-named-as-default
  100:6  warning  React Hook React.useEffect has a missing dependency: 'updateForm'. Either include it or remove the dependency array  react-hooks/exhaustive-deps

/home/user/rork-app/expo/app/smart-investing.tsx
   13:27  warning  '/home/user/rork-app/expo/node_modules/expo-router/build/index.js' imported multiple times                                 import/no-duplicates
   14:23  warning  '/home/user/rork-app/expo/node_modules/expo-router/build/index.js' imported multiple times                                 import/no-duplicates
   51:6   warning  React Hook useEffect has missing dependencies: 'fadeAnim' and 'index'. Either include them or remove the dependency array  react-hooks/exhaustive-deps
  107:6   warning  React Hook useEffect has a missing dependency: 'pulseAnim'. Either include it or remove the dependency array               react-hooks/exhaustive-deps
  168:9   warning  'isXs' is assigned a value but never used                                                                                  @typescript-eslint/no-unused-vars

/home/user/rork-app/expo/app/sms-dashboard.tsx
  123:32  warning  Array type using 'Array<T>' is forbidden. Use 'T[]' instead  @typescript-eslint/array-type
  136:30  warning  Array type using 'Array<T>' is forbidden. Use 'T[]' instead  @typescript-eslint/array-type

/home/user/rork-app/expo/app/sms-reports.tsx
  146:52  warning  Array type using 'Array<T>' is forbidden. Use 'T[]' instead  @typescript-eslint/array-type

/home/user/rork-app/expo/app/statements.tsx
    2:8  warning  Using exported name 'logger' as identifier for default import  import/no-named-as-default
  112:1  warning  Import in body of module; reorder to top                       import/first

/home/user/rork-app/expo/app/supabase-export.tsx
  12:27  warning  '/home/user/rork-app/expo/node_modules/expo-router/build/index.js' imported multiple times  import/no-duplicates
  13:23  warning  '/home/user/rork-app/expo/node_modules/expo-router/build/index.js' imported multiple times  import/no-duplicates

/home/user/rork-app/expo/app/tax-documents.tsx
  2:8  warning  Using exported name 'logger' as identifier for default import  import/no-named-as-default

/home/user/rork-app/expo/app/tax-info.tsx
   2:8   warning  Using exported name 'logger' as identifier for default import  import/no-named-as-default
  52:10  warning  '_w9Signed' is assigned a value but never used                 @typescript-eslint/no-unused-vars
  52:21  warning  '_setW9Signed' is assigned a value but never used              @typescript-eslint/no-unused-vars

/home/user/rork-app/expo/app/title-review.tsx
   2:8  warning  Using exported name 'logger' as identifier for default import  import/no-named-as-default
  29:3  warning  'Send' is defined but never used                               @typescript-eslint/no-unused-vars
  39:3  warning  'REQUIRED_TITLE_DOCUMENTS' is defined but never used           @typescript-eslint/no-unused-vars
  79:9  warning  'allApproved' is assigned a value but never used               @typescript-eslint/no-unused-vars

/home/user/rork-app/expo/app/trust-center.tsx
   12:27  warning  '/home/user/rork-app/expo/node_modules/expo-router/build/index.js' imported multiple times                                 import/no-duplicates
   13:23  warning  '/home/user/rork-app/expo/node_modules/expo-router/build/index.js' imported multiple times                                 import/no-duplicates
   39:29  warning  'isCompactScreen' is defined but never used                                                                                @typescript-eslint/no-unused-vars
   59:6   warning  React Hook useEffect has missing dependencies: 'fadeAnim' and 'index'. Either include them or remove the dependency array  react-hooks/exhaustive-deps
  105:6   warning  React Hook useEffect has missing dependencies: 'fadeAnim' and 'index'. Either include them or remove the dependency array  react-hooks/exhaustive-deps
  154:9   warning  'isXs' is assigned a value but never used                                                                                  @typescript-eslint/no-unused-vars

/home/user/rork-app/expo/app/v1-brief.tsx
  47:25  warning  Array type using 'Array<T>' is forbidden. Use 'T[]' instead  @typescript-eslint/array-type
  62:25  warning  Array type using 'Array<T>' is forbidden. Use 'T[]' instead  @typescript-eslint/array-type

/home/user/rork-app/expo/app/video-presentation.tsx
  401:6  warning  React Hook useEffect has a missing dependency: 'hubFadeAnim'. Either include it or remove the dependency array                                                                                                                                                                         react-hooks/exhaustive-deps
  904:6  warning  React Hook useCallback has missing dependencies: 'accentLineAnim', 'badgeAnim', 'barAnims', 'closingPulseAnim', 'extraAnim', 'fadeAnim', 'glowAnim', 'heroScaleAnim', 'itemAnims', 'shimmerAnim', 'subtitleAnim', and 'titleAnim'. Either include them or remove the dependency array  react-hooks/exhaustive-deps
  917:6  warning  React Hook useCallback has a missing dependency: 'slideProgress'. Either include it or remove the dependency array                                                                                                                                                                     react-hooks/exhaustive-deps
  924:6  warning  React Hook useEffect has missing dependencies: 'animateSlideIn', 'startProgressTimer', and 'stopProgress'. Either include them or remove the dependency array                                                                                                                          react-hooks/exhaustive-deps
  928:6  warning  React Hook useEffect has missing dependencies: 'clearCounters', 'stopLoops', and 'stopProgress'. Either include them or remove the dependency array                                                                                                                                    react-hooks/exhaustive-deps

/home/user/rork-app/expo/app/wallet.tsx
   2:8   warning  Using exported name 'logger' as identifier for default import                                                        import/no-named-as-default
  41:8   warning  '/home/user/rork-app/expo/node_modules/lucide-react-native/dist/esm/lucide-react-native.js' imported multiple times  import/no-duplicates
  53:36  warning  '/home/user/rork-app/expo/node_modules/lucide-react-native/dist/esm/lucide-react-native.js' imported multiple times  import/no-duplicates

/home/user/rork-app/expo/components/InvestorSupportChat.tsx
  102:10  warning  '_aiProvider' is assigned a value but never used  @typescript-eslint/no-unused-vars

/home/user/rork-app/expo/components/OnboardingFlow.tsx
  174:6  warning  React Hook useEffect has missing dependencies: 'brandTextAnim', 'glowAnim', 'logoOpacityAnim', and 'logoScaleAnim'. Either include them or remove the dependency array  react-hooks/exhaustive-deps

/home/user/rork-app/expo/components/QRCodeView.tsx
  18:18  warning  Array type using 'Array<T>' is forbidden. Use 'T[]' instead  @typescript-eslint/array-type

/home/user/rork-app/expo/components/QuickBuyModal.tsx
  97:10  warning  '_confirmationNumber' is assigned a value but never used  @typescript-eslint/no-unused-vars

/home/user/rork-app/expo/components/ScreenMockups.tsx
  6:7  warning  'MOCK_W' is assigned a value but never used  @typescript-eslint/no-unused-vars

/home/user/rork-app/expo/components/TrustDealCard.tsx
  212:18  warning  Array type using 'Array<T>' is forbidden. Use 'T[]' instead  @typescript-eslint/array-type

/home/user/rork-app/expo/components/analytics/GeoTab.tsx
   8:14  warning  Array type using 'Array<T>' is forbidden. Use 'T[]' instead  @typescript-eslint/array-type
   9:11  warning  Array type using 'Array<T>' is forbidden. Use 'T[]' instead  @typescript-eslint/array-type
  10:13  warning  Array type using 'Array<T>' is forbidden. Use 'T[]' instead  @typescript-eslint/array-type
  11:15  warning  Array type using 'Array<T>' is forbidden. Use 'T[]' instead  @typescript-eslint/array-type

/home/user/rork-app/expo/components/analytics/IntelTab.tsx
  17:17  warning  Array type using 'Array<T>' is forbidden. Use 'T[]' instead  @typescript-eslint/array-type
  18:20  warning  Array type using 'Array<T>' is forbidden. Use 'T[]' instead  @typescript-eslint/array-type

/home/user/rork-app/expo/components/analytics/LeadsTab.tsx
  22:16  warning  Array type using 'Array<T>' is forbidden. Use 'T[]' instead  @typescript-eslint/array-type
  23:15  warning  Array type using 'Array<T>' is forbidden. Use 'T[]' instead  @typescript-eslint/array-type
  25:13  warning  Array type using 'Array<T>' is forbidden. Use 'T[]' instead  @typescript-eslint/array-type

/home/user/rork-app/expo/components/analytics/OverviewTab.tsx
  24:15  warning  Array type using 'Array<T>' is forbidden. Use 'T[]' instead  @typescript-eslint/array-type
  25:15  warning  Array type using 'Array<T>' is forbidden. Use 'T[]' instead  @typescript-eslint/array-type
  37:15  warning  Array type using 'Array<T>' is forbidden. Use 'T[]' instead  @typescript-eslint/array-type
  38:19  warning  Array type using 'Array<T>' is forbidden. Use 'T[]' instead  @typescript-eslint/array-type
  39:12  warning  Array type using 'Array<T>' is forbidden. Use 'T[]' instead  @typescript-eslint/array-type

/home/user/rork-app/expo/components/analytics/SourcesTab.tsx
  17:15  warning  Array type using 'Array<T>' is forbidden. Use 'T[]' instead  @typescript-eslint/array-type
  18:15  warning  Array type using 'Array<T>' is forbidden. Use 'T[]' instead  @typescript-eslint/array-type

/home/user/rork-app/expo/src/modules/chat/components/MessageBubble.tsx
  196:27  error  React Hook "useCallback" is called conditionally. React Hooks must be called in the exact same order in every component render. Did you accidentally call a React Hook after an early return?  react-hooks/rules-of-hooks
  204:27  error  React Hook "useCallback" is called conditionally. React Hooks must be called in the exact same order in every component render. Did you accidentally call a React Hook after an early return?  react-hooks/rules-of-hooks
  213:40  error  React Hook "useCallback" is called conditionally. React Hooks must be called in the exact same order in every component render. Did you accidentally call a React Hook after an early return?  react-hooks/rules-of-hooks

/home/user/rork-app/expo/src/modules/chat/hooks/useRoomCapabilities.ts
  10:3   warning  'getAuthorativeRoomStatus' is defined but never used  @typescript-eslint/no-unused-vars
  56:42  warning  A `require()` style import is forbidden               @typescript-eslint/no-require-imports

/home/user/rork-app/expo/src/modules/chat/hooks/useRoomSync.ts
  6:3  warning  'getRoomPhase' is defined but never used  @typescript-eslint/no-unused-vars

/home/user/rork-app/expo/src/modules/chat/screens/ChatModule.tsx
  236:9  warning  The 'conversations' logical expression could make the dependencies of useMemo Hook (at line 261) change on every render. To fix this, wrap the initialization of 'conversations' in its own useMemo() Hook    react-hooks/exhaustive-deps
  236:9  warning  The 'conversations' logical expression could make the dependencies of useEffect Hook (at line 354) change on every render. To fix this, wrap the initialization of 'conversations' in its own useMemo() Hook  react-hooks/exhaustive-deps

/home/user/rork-app/expo/src/modules/chat/screens/ChatScreen.tsx
  1509:6  warning  React Hook useMemo has missing dependencies: 'capabilityResolution.aiIndicator.isLoading', 'capabilityResolution.aiIndicator.label', 'capabilityResolution.aiIndicator.testID', and 'runtimeDashboard'. Either include them or remove the dependency array  react-hooks/exhaustive-deps

/home/user/rork-app/expo/src/modules/chat/services/aiReplyService.ts
  1:10  warning  'IVX_OWNER_AI_PROFILE' is defined but never used  @typescript-eslint/no-unused-vars

/home/user/rork-app/expo/src/modules/ivx-owner-ai/services/ivxAIRequestService.ts
  268:10  warning  'isIVXClientDirectGatewayRollbackEnabled' is defined but never used  @typescript-eslint/no-unused-vars
  620:13  warning  Array type using 'Array<T>' is forbidden. Use 'T[]' instead          @typescript-eslint/array-type
  622:26  warning  Array type using 'Array<T>' is forbidden. Use 'T[]' instead          @typescript-eslint/array-type

/home/user/rork-app/expo/src/modules/ivx-owner-ai/services/ivxChatService.ts
   23:6   warning  'IVXConversationRow' is defined but never used               @typescript-eslint/no-unused-vars
  386:72  warning  Array type using 'Array<T>' is forbidden. Use 'T[]' instead  @typescript-eslint/array-type
  920:32  warning  Array type using 'Array<T>' is forbidden. Use 'T[]' instead  @typescript-eslint/array-type

/home/user/rork-app/expo/src/modules/ivx-owner-ai/services/ivxOwnerMemoryService.ts
  405:20  warning  Array type using 'Array<T>' is forbidden. Use 'T[]' instead  @typescript-eslint/array-type

✖ 331 problems (3 errors, 328 warnings)
  0 errors and 124 warnings potentially fixable with the `--fix` option.

error: "eslint" exited with code 1
error: script "lint" exited with code 1
